<?xml version="1.0" encoding="UTF-8"?>
<!-- Generated by org.testng.reporters.JUnitReportReporter -->
<testsuite skipped="0" hostname="Main" name="com.tm.sampletest.Tc_01_Login" tests="1" failures="0" timestamp="06 Jan 2018 04:47:51 GMT" time="12.266" errors="0">
  <testcase name="launchBrowser" time="12.266" classname="com.tm.sampletest.Tc_01_Login"/>
</testsuite> <!-- com.tm.sampletest.Tc_01_Login -->
